14:22:53 **** Incremental Build of configuration GCC for project Student_OMP_Image ****
makeGCC.sh all 

--------------------------------------------------------
[Runtime] : gcc x86
--------------------------------------------------------

[Runtime] : Cuda  : /usr/local/cuda/lib64
[Runtime] : Cula  : /usr/local/cula/lib64
[Runtime] : MKL   : /opt/intel/mkl/lib/intel64

[Runtime] : GL/GLEW/GLU
[Runtime] : FreeGlut
[Runtime] : Java (JNI)
[Runtime] : X11

[Runtime] : BOOST   : /opt/api/ext/boost/[user-version]/lib/gcc
[Runtime] : OpenCV  : /opt/api/ext/openCV/[user-version]/lib
[Runtime] : CppTest : /opt/api/ext/cpptest/[user-version]/LIB-STATIC/gcc

[Runtime] : bilat_tools
[Runtime] : bilat_fenetrage
[Runtime] : bilat_opengl
[Runtime] : bilat_image
[Runtime] : bilat_graphe2d
[Runtime] : bilat_multicourbe_cuda

--------------------------------------------------------
[Runtime] : gcc x86 : Ready!
--------------------------------------------------------


g++ (Ubuntu/Linaro 4.6.3-1ubuntu5) 4.6.3
Copyright (C) 2011 Free Software Foundation, Inc.
This is free software; see the source for copying conditions.  There is NO
warranty; not even for MERCHANTABILITY or FITNESS FOR A PARTICULAR PURPOSE.


[Make] : GCC : all

==================================================================================
[CBI] -> Target Name  : Student_OMP_Image_gcc_x86_64
[CBI] ->
[CBI] -> Build     	  : /tmp/ramdrive/arc4/Targets/Student_OMP_Image/bin/Student_OMP_Image_gcc_x86_64.run
[CBI] -> Deploy       : ../RELEASE/bin
[CBI] ->
[CBI] -> Type	 	  : EXE
[CBI] -> Arch	 	  : x86_64
[CBI] -> OS	 		  : Linux
[CBI] -> User	 	  : arc4
[CBI] ->
[CBI] -> Task		  : Compiling-Linking
==================================================================================

[CBI] -> SRC AUX (Recursif) :
[CBI] ->
[CBI] ->              : ../BilatTools_CPP/src/core
[CBI] ->              : ../BilatTools_Cuda_smart_switch/src/core
[CBI] ->              : ../BilatTools_Image/src/core
[CBI] ->              : ../BilatTools_OMP/src/core
[CBI] ->              : ../BilatTools_OpenCV/src/core
[CBI] ->              : /opt/api/cbi/fenetrage/002/Bilat_Fenetrage_Displayable/BIN/gcc
[CBI] ->              : /opt/api/cbi/fenetrage/002/Bilat_Fenetrage_FreeGlut_Tools/BIN/gcc
[CBI] ->              : /opt/api/cbi/image/002/Bilat_Image_FreeGlut/BIN/gcc
[CBI] ->              : /opt/api/cbi/image/002/Bilat_Image_GL/BIN/gcc

[CBI] -> CXXFLAGS (Partial) :
[CBI] ->
[CBI] ->              : -DCBI_NO_CUDA
[CBI] ->              : -O3
[CBI] ->              : -fomit-frame-pointer
[CBI] ->              : -fopenmp
[CBI] ->              : -frerun-loop-opt
[CBI] ->              : -march=native
[CBI] ->              : -std=c++0x

[CBI] -> LDFLAGS (Partial) :
[CBI] ->

[CBI] -> INC_PATH (auto detect):
[CBI] ->              : ../BilatTools_CPP/src/core/tools/header/
[CBI] ->              : ../BilatTools_CPP/src/core/tools/header/namespace_cpu/
[CBI] ->              : ../BilatTools_Cuda_smart_switch/src/core/switch/header/Image_FreeGlut/
[CBI] ->              : ../BilatTools_Cuda_smart_switch/src/core/switch/header/Image_GL/
[CBI] ->              : ../BilatTools_Cuda_smart_switch/src/core/switch/header/Image_GL/indirect/
[CBI] ->              : ../BilatTools_Cuda_smart_switch/src/core/switch/header/Image_Jni/
[CBI] ->              : ../BilatTools_Cuda_smart_switch/src/core/switch/header/tools_GPU/
[CBI] ->              : ../BilatTools_Cuda_smart_switch/src/core/switch/header/tools_switch/
[CBI] ->              : ../BilatTools_Cuda_smart_switch/src/core/switch/header/type/
[CBI] ->              : ../BilatTools_Image/src/core/tools/animateur/
[CBI] ->              : ../BilatTools_Image/src/core/tools/animateurFonctionel/
[CBI] ->              : ../BilatTools_Image/src/core/tools/image/
[CBI] ->              : ../BilatTools_Image/src/core/tools/interface/
[CBI] ->              : ../BilatTools_OMP/src/core/OMP_Tools/header/
[CBI] ->              : ../BilatTools_OpenCV/src/core/capture/header/
[CBI] ->              : ../BilatTools_OpenCV/src/core/viewer/image/
[CBI] ->              : ../BilatTools_OpenCV/src/core/viewer/sequence/
[CBI] ->              : src/cpp/core/01_Rippling/b_moo/
[CBI] ->              : src/cpp/core/01_Rippling/c_math/
[CBI] ->              : src/cpp/core/01_Rippling/d_provider/
[CBI] ->              : src/cpp/core/02_Mandelbrot_Julia/b_moo/
[CBI] ->              : src/cpp/core/02_Mandelbrot_Julia/c_math/
[CBI] ->              : src/cpp/core/02_Mandelbrot_Julia/d_provider/

[CBI] -> LIB_PATH (auto detect):
[CBI] ->              : /opt/api/cbi/fenetrage/002/Bilat_Fenetrage_Displayable/BIN/gcc/
[CBI] ->              : /opt/api/cbi/fenetrage/002/Bilat_Fenetrage_FreeGlut_Tools/BIN/gcc/
[CBI] ->              : /opt/api/cbi/image/002/Bilat_Image_FreeGlut/BIN/gcc/
[CBI] ->              : /opt/api/cbi/image/002/Bilat_Image_GL/BIN/gcc/

[CBI] -> API_INC :
[CBI] ->              : /opt/api/cbi/fenetrage/002/Bilat_Fenetrage_Displayable/INC
[CBI] ->              : /opt/api/cbi/fenetrage/002/Bilat_Fenetrage_FreeGlut_Tools/INC
[CBI] ->              : /opt/api/cbi/image/002/Bilat_Image_FreeGlut/INC
[CBI] ->              : /opt/api/cbi/image/002/Bilat_Image_FreeGlut/INC/common
[CBI] ->              : /opt/api/cbi/image/002/Bilat_Image_FreeGlut/INC/cpu
[CBI] ->              : /opt/api/cbi/image/002/Bilat_Image_GL/INC
[CBI] ->              : /opt/api/cbi/image/002/Bilat_Image_GL/INC/common
[CBI] ->              : /opt/api/cbi/image/002/Bilat_Image_GL/INC/cpu
[CBI] ->              : /opt/api/cbi/image/002/Bilat_Image_GL/INC/extra
[CBI] ->              : /opt/api/cbi/tools/002/Bilat_tools_dll/INC
[CBI] ->              : /opt/api/ext/openCV/001/include
[CBI] ->              : /opt/api/ext/openCV/001/include/opencv
[CBI] ->              : /opt/api/ext/openCV/001/include/opencv2
[CBI] ->              : /opt/api/ext/openCV/001/include/opencv2/calib3d
[CBI] ->              : /opt/api/ext/openCV/001/include/opencv2/contrib
[CBI] ->              : /opt/api/ext/openCV/001/include/opencv2/core
[CBI] ->              : /opt/api/ext/openCV/001/include/opencv2/features2d
[CBI] ->              : /opt/api/ext/openCV/001/include/opencv2/flann
[CBI] ->              : /opt/api/ext/openCV/001/include/opencv2/gpu
[CBI] ->              : /opt/api/ext/openCV/001/include/opencv2/highgui
[CBI] ->              : /opt/api/ext/openCV/001/include/opencv2/imgproc
[CBI] ->              : /opt/api/ext/openCV/001/include/opencv2/legacy
[CBI] ->              : /opt/api/ext/openCV/001/include/opencv2/ml
[CBI] ->              : /opt/api/ext/openCV/001/include/opencv2/nonfree
[CBI] ->              : /opt/api/ext/openCV/001/include/opencv2/photo
[CBI] ->              : /opt/api/ext/openCV/001/include/opencv2/stitching
[CBI] ->              : /opt/api/ext/openCV/001/include/opencv2/superres
[CBI] ->              : /opt/api/ext/openCV/001/include/opencv2/ts
[CBI] ->              : /opt/api/ext/openCV/001/include/opencv2/video
[CBI] ->              : /opt/api/ext/openCV/001/include/opencv2/videostab
[CBI] ->              : /usr/include/X11

[CBI] -> API_LIB :
[CBI] ->              : /opt/api/ext/openCV/001/lib
[CBI] ->              : /usr/lib/x86_64-linux-gnu

[CBI] -> API_BIN :
[CBI] ->              : /opt/api/cbi/fenetrage/002/Bilat_Fenetrage_Displayable/BIN/gcc
[CBI] ->              : /opt/api/cbi/fenetrage/002/Bilat_Fenetrage_FreeGlut_Tools/BIN/gcc
[CBI] ->              : /opt/api/cbi/image/002/Bilat_Image_FreeGlut/BIN/gcc
[CBI] ->              : /opt/api/cbi/image/002/Bilat_Image_GL/BIN/gcc
[CBI] ->              : /opt/api/ext/openCV/001/lib

[CBI] -> API_LIBRARIES :
[CBI] ->              : GL
[CBI] ->              : GLEW
[CBI] ->              : GLU
[CBI] ->              : X11
[CBI] ->              : opencv_calib3d
[CBI] ->              : opencv_contrib
[CBI] ->              : opencv_core
[CBI] ->              : opencv_features2d
[CBI] ->              : opencv_flann
[CBI] ->              : opencv_gpu
[CBI] ->              : opencv_highgui
[CBI] ->              : opencv_imgproc
[CBI] ->              : opencv_legacy
[CBI] ->              : opencv_ml
[CBI] ->              : opencv_nonfree
[CBI] ->              : opencv_objdetect
[CBI] ->              : opencv_photo
[CBI] ->              : opencv_stitching
[CBI] ->              : opencv_superres
[CBI] ->              : opencv_video
[CBI] ->              : opencv_videostab

[CBI] -> Create folder : /tmp/ramdrive/arc4/Targets/Student_OMP_Image/bin
[CBI] -> Create folder : /tmp/ramdrive/arc4/Targets/Student_OMP_Image/obj

[Student_OMP_Image_gcc_x86_64] -> g++ compiling .cpp : src/cpp/main.cpp
[Student_OMP_Image_gcc_x86_64] -> g++ compiling .cpp : src/cpp/core/mainGL.cpp
[Student_OMP_Image_gcc_x86_64] -> g++ compiling .cpp : src/cpp/core/mainMOO.cpp
[Student_OMP_Image_gcc_x86_64] -> g++ compiling .cpp : src/cpp/core/01_Rippling/b_moo/RipplingMOO.cpp
[Student_OMP_Image_gcc_x86_64] -> g++ compiling .cpp : src/cpp/core/01_Rippling/d_provider/RipplingProvider.cpp
[Student_OMP_Image_gcc_x86_64] -> g++ compiling .cpp : src/cpp/core/02_Mandelbrot_Julia/c_math/Fractal.cpp
[Student_OMP_Image_gcc_x86_64] -> g++ compiling .cpp : src/cpp/core/02_Mandelbrot_Julia/c_math/Julia.cpp
[Student_OMP_Image_gcc_x86_64] -> g++ compiling .cpp : src/cpp/core/02_Mandelbrot_Julia/c_math/Mandelbrot.cpp
[Student_OMP_Image_gcc_x86_64] -> g++ compiling .cpp : src/cpp/core/02_Mandelbrot_Julia/b_moo/MandelbrotJuliaMOO.cpp
[Student_OMP_Image_gcc_x86_64] -> g++ compiling .cpp : src/cpp/core/02_Mandelbrot_Julia/d_provider/MandelbrotJuliaProvider.cpp
[Student_OMP_Image_gcc_x86_64] -> g++ compiling .cpp : ../BilatTools_CPP/src/core/tools/cpp/AleaTools.cpp
[Student_OMP_Image_gcc_x86_64] -> g++ compiling .cpp : ../BilatTools_CPP/src/core/tools/cpp/Chronos.cpp
[Student_OMP_Image_gcc_x86_64] -> g++ compiling .cpp : ../BilatTools_CPP/src/core/tools/cpp/LimitsTools.cpp
[Student_OMP_Image_gcc_x86_64] -> g++ compiling .cpp : ../BilatTools_CPP/src/core/tools/cpp/MathTools.cpp
[Student_OMP_Image_gcc_x86_64] -> g++ compiling .cpp : ../BilatTools_CPP/src/core/tools/cpp/StringTools.cpp
[Student_OMP_Image_gcc_x86_64] -> g++ compiling .cpp : ../BilatTools_CPP/src/core/tools/cpp/TabTools.cpp
[Student_OMP_Image_gcc_x86_64] -> g++ compiling .cpp : ../BilatTools_CPP/src/core/tools/cpp/VariateurF.cpp
[Student_OMP_Image_gcc_x86_64] -> g++ compiling .cpp : ../BilatTools_CPP/src/core/tools/cpp/VariateurI.cpp
[Student_OMP_Image_gcc_x86_64] -> g++ compiling .cpp : ../BilatTools_CPP/src/core/tools/cpp/namespace_cpu/ColorTools_CPU.cpp
[Student_OMP_Image_gcc_x86_64] -> g++ compiling .cpp : ../BilatTools_CPP/src/core/tools/cpp/namespace_cpu/IndiceTools_CPU.cpp
[Student_OMP_Image_gcc_x86_64] -> g++ compiling .cpp : ../BilatTools_OMP/src/core/OMP_Tools/cpp/OmpTools.cpp
[Student_OMP_Image_gcc_x86_64] -> g++ compiling .cpp : ../BilatTools_Image/src/core/tools/animateurFonctionel/AnimateurFonctionel.cpp
[Student_OMP_Image_gcc_x86_64] -> g++ compiling .cpp : ../BilatTools_Image/src/core/tools/animateur/Animateur.cpp
[Student_OMP_Image_gcc_x86_64] -> g++ compiling .cpp : ../BilatTools_Image/src/core/tools/image/Image.cpp
[Student_OMP_Image_gcc_x86_64] -> g++ compiling .cpp : ../BilatTools_Image/src/core/tools/image/ImageFonctionel.cpp
[Student_OMP_Image_gcc_x86_64] -> g++ compiling .cpp : ../BilatTools_OpenCV/src/core/tuto/tuto.cpp
[Student_OMP_Image_gcc_x86_64] -> g++ compiling .cpp : ../BilatTools_OpenCV/src/core/capture/cpp/Capture_A.cpp
[Student_OMP_Image_gcc_x86_64] -> g++ compiling .cpp : ../BilatTools_OpenCV/src/core/capture/cpp/CaptureCamera.cpp
[Student_OMP_Image_gcc_x86_64] -> g++ compiling .cpp : ../BilatTools_OpenCV/src/core/capture/cpp/CaptureVideo.cpp
[Student_OMP_Image_gcc_x86_64] -> g++ compiling .cpp : ../BilatTools_OpenCV/src/core/viewer/image/ImageViewerCV.cpp
[Student_OMP_Image_gcc_x86_64] -> g++ compiling .cpp : ../BilatTools_OpenCV/src/core/viewer/sequence/SequenceViewerCV.cpp

[CBI] -> Linking to   : /tmp/ramdrive/arc4/Targets/Student_OMP_Image/bin/Student_OMP_Image_gcc_x86_64.run

[CBI] -> Library Link :
[CBI] ->              : -L/usr/lib/x86_64-linux-gnu
[CBI] ->              : -lBilat_Fenetrage_Displayable_002_gcc_x86_64
[CBI] ->              : -lBilat_Fenetrage_FreeGlut_Tools_002_gcc_x86_64
[CBI] ->              : -lBilat_Image_FreeGlut_002_gcc_x86_64
[CBI] ->              : -lBilat_Image_GL_002_gcc_x86_64
[CBI] ->              : -lGL
[CBI] ->              : -lGLEW
[CBI] ->              : -lGLU
[CBI] ->              : -lX11
[CBI] ->              : -lglut
[CBI] ->              : -lgomp
[CBI] ->              : -lopencv_calib3d
[CBI] ->              : -lopencv_contrib
[CBI] ->              : -lopencv_core
[CBI] ->              : -lopencv_features2d
[CBI] ->              : -lopencv_flann
[CBI] ->              : -lopencv_gpu
[CBI] ->              : -lopencv_highgui
[CBI] ->              : -lopencv_imgproc
[CBI] ->              : -lopencv_legacy
[CBI] ->              : -lopencv_ml
[CBI] ->              : -lopencv_nonfree
[CBI] ->              : -lopencv_objdetect
[CBI] ->              : -lopencv_photo
[CBI] ->              : -lopencv_stitching
[CBI] ->              : -lopencv_superres
[CBI] ->              : -lopencv_video
[CBI] ->              : -lopencv_videostab

==================================================================================
[CBI] -> Target Name  : Student_OMP_Image_gcc_x86_64
[CBI] -> Location     : /tmp/ramdrive/arc4/Targets/Student_OMP_Image/bin/Student_OMP_Image_gcc_x86_64.run
[CBI] -> Deploy 	  : ../RELEASE/bin
[CBI] ->
[CBI] -> Type	 	  : EXE
[CBI] -> Arch	 	  : x86_64
[CBI] -> OS	 		  : Linux
[CBI] -> User	 	  : arc4
[CBI] ->
[CBI] -> Compilateur  : g++ (g++)
[CBI] -> Task	      : End Compiling-Linking !
[CBI] -> Time		  : 14:23:05
==================================================================================


[CBI] -> Deploying    : ../RELEASE/bin/Student_OMP_Image_gcc_x86_64.run

[CBI] -> Student_OMP_Image_gcc_x86_64 : End ALL!

14:23:06 Build Finished (took 12s.412ms)

